Sender: LSF System <lsfadmin@nx360006>
Subject: Job 1393594: <./train-bosque.sh /dados/gpaulino/macmorpho-bosque /dados/gpaulino/macmorpho-bosque/NaiveBayesTrainerParams.txt NaiveBayes> in cluster <brl> Done

Job <./train-bosque.sh /dados/gpaulino/macmorpho-bosque /dados/gpaulino/macmorpho-bosque/NaiveBayesTrainerParams.txt NaiveBayes> was submitted from host <masternode> by user <gpaulino> in cluster <brl>.
Job was executed on host(s) <nx360006>, in queue <normal>, as user <gpaulino> in cluster <brl>.
</home/gpaulino> was used as the home directory.
</dados/gpaulino/macmorpho-bosque> was used as the working directory.
Started at Results reported on 
Your job looked like:

------------------------------------------------------------
# LSBATCH: User input
./train-bosque.sh /dados/gpaulino/macmorpho-bosque /dados/gpaulino/macmorpho-bosque/NaiveBayesTrainerParams.txt NaiveBayes
------------------------------------------------------------

Successfully completed.

Resource usage summary:

    CPU time :                                   26.33 sec.
    Max Memory :                                 2164 MB
    Average Memory :                             987.00 MB
    Total Requested Memory :                     -
    Delta Memory :                               -
    Max Swap :                                   -
    Max Processes :                              5
    Max Threads :                                56
    Run time :                                   21 sec.
    Turnaround time :                            367 sec.

The output (if any) follows:



PS:

Read file <1393594.err> for stderr output of this job.

