Sender: LSF System <lsfadmin@nx360006>
Subject: Job 1393593: <./train-bosque.sh /dados/gpaulino/macmorpho-bosque /dados/gpaulino/macmorpho-bosque/MaxentTrainerParams.txt Maxent> in cluster <brl> Done

Job <./train-bosque.sh /dados/gpaulino/macmorpho-bosque /dados/gpaulino/macmorpho-bosque/MaxentTrainerParams.txt Maxent> was submitted from host <masternode> by user <gpaulino> in cluster <brl>.
Job was executed on host(s) <nx360006>, in queue <normal>, as user <gpaulino> in cluster <brl>.
</home/gpaulino> was used as the home directory.
</dados/gpaulino/macmorpho-bosque> was used as the working directory.
Started at Results reported on 
Your job looked like:

------------------------------------------------------------
# LSBATCH: User input
./train-bosque.sh /dados/gpaulino/macmorpho-bosque /dados/gpaulino/macmorpho-bosque/MaxentTrainerParams.txt Maxent
------------------------------------------------------------

Successfully completed.

Resource usage summary:

    CPU time :                                   70.27 sec.
    Max Memory :                                 2210 MB
    Average Memory :                             1748.25 MB
    Total Requested Memory :                     -
    Delta Memory :                               -
    Max Swap :                                   -
    Max Processes :                              5
    Max Threads :                                57
    Run time :                                   62 sec.
    Turnaround time :                            408 sec.

The output (if any) follows:



PS:

Read file <1393593.err> for stderr output of this job.

