Sender: LSF System <lsfadmin@idpx003>
Subject: Job 1396108: <./train.sh /dados/gpaulino/macmorpho /dados/gpaulino/macmorpho/PerceptronSequenceTrainerParams.txt remove-pcp PerceptronSequence> in cluster <brl> Exited

Job <./train.sh /dados/gpaulino/macmorpho /dados/gpaulino/macmorpho/PerceptronSequenceTrainerParams.txt remove-pcp PerceptronSequence> was submitted from host <masternode> by user <gpaulino> in cluster <brl>.
Job was executed on host(s) <idpx003>, in queue <normal>, as user <gpaulino> in cluster <brl>.
</home/gpaulino> was used as the home directory.
</dados/gpaulino/macmorpho> was used as the working directory.
Started at Results reported on 
Your job looked like:

------------------------------------------------------------
# LSBATCH: User input
./train.sh /dados/gpaulino/macmorpho /dados/gpaulino/macmorpho/PerceptronSequenceTrainerParams.txt remove-pcp PerceptronSequence
------------------------------------------------------------

Exited with exit code 255.

Resource usage summary:

    CPU time :                                   55.33 sec.
    Max Memory :                                 2408 MB
    Average Memory :                             1204.00 MB
    Total Requested Memory :                     -
    Delta Memory :                               -
    Max Swap :                                   -
    Max Processes :                              5
    Max Threads :                                56
    Run time :                                   13 sec.
    Turnaround time :                            38 sec.

The output (if any) follows:



PS:

Read file <1396108.err> for stderr output of this job.

