Sender: LSF System <lsfadmin@nx360007>
Subject: Job 1396107: <./train.sh /dados/gpaulino/macmorpho /dados/gpaulino/macmorpho/PerceptronSequenceTrainerParams.txt keep-pcp PerceptronSequence> in cluster <brl> Exited

Job <./train.sh /dados/gpaulino/macmorpho /dados/gpaulino/macmorpho/PerceptronSequenceTrainerParams.txt keep-pcp PerceptronSequence> was submitted from host <masternode> by user <gpaulino> in cluster <brl>.
Job was executed on host(s) <nx360007>, in queue <normal>, as user <gpaulino> in cluster <brl>.
</home/gpaulino> was used as the home directory.
</dados/gpaulino/macmorpho> was used as the working directory.
Started at Results reported on 
Your job looked like:

------------------------------------------------------------
# LSBATCH: User input
./train.sh /dados/gpaulino/macmorpho /dados/gpaulino/macmorpho/PerceptronSequenceTrainerParams.txt keep-pcp PerceptronSequence
------------------------------------------------------------

Exited with exit code 255.

Resource usage summary:

    CPU time :                                   79.41 sec.
    Max Memory :                                 2543 MB
    Average Memory :                             1069.62 MB
    Total Requested Memory :                     -
    Delta Memory :                               -
    Max Swap :                                   -
    Max Processes :                              5
    Max Threads :                                56
    Run time :                                   108 sec.
    Turnaround time :                            428 sec.

The output (if any) follows:



PS:

Read file <1396107.err> for stderr output of this job.

