Sender: LSF System <lsfadmin@nx360007>
Subject: Job 1396117: <./train-complete-data.sh /dados/gpaulino/macmorpho /dados/gpaulino/macmorpho/PerceptronTrainerParams.txt remove-pcp Perceptron> in cluster <brl> Done

Job <./train-complete-data.sh /dados/gpaulino/macmorpho /dados/gpaulino/macmorpho/PerceptronTrainerParams.txt remove-pcp Perceptron> was submitted from host <masternode> by user <gpaulino> in cluster <brl>.
Job was executed on host(s) <nx360007>, in queue <normal>, as user <gpaulino> in cluster <brl>.
</home/gpaulino> was used as the home directory.
</dados/gpaulino/macmorpho> was used as the working directory.
Started at Results reported on 
Your job looked like:

------------------------------------------------------------
# LSBATCH: User input
./train-complete-data.sh /dados/gpaulino/macmorpho /dados/gpaulino/macmorpho/PerceptronTrainerParams.txt remove-pcp Perceptron
------------------------------------------------------------

Successfully completed.

Resource usage summary:

    CPU time :                                   362.34 sec.
    Max Memory :                                 1824 MB
    Average Memory :                             1011.82 MB
    Total Requested Memory :                     -
    Delta Memory :                               -
    Max Swap :                                   -
    Max Processes :                              5
    Max Threads :                                56
    Run time :                                   357 sec.
    Turnaround time :                            986 sec.

The output (if any) follows:



PS:

Read file <1396117.err> for stderr output of this job.

