Sender: LSF System <lsfadmin@nx360002>
Subject: Job 1396105: <./train.sh /dados/gpaulino/macmorpho /dados/gpaulino/macmorpho/NaiveBayesTrainerParams.txt remove-pcp NaiveBayes> in cluster <brl> Done

Job <./train.sh /dados/gpaulino/macmorpho /dados/gpaulino/macmorpho/NaiveBayesTrainerParams.txt remove-pcp NaiveBayes> was submitted from host <masternode> by user <gpaulino> in cluster <brl>.
Job was executed on host(s) <nx360002>, in queue <normal>, as user <gpaulino> in cluster <brl>.
</home/gpaulino> was used as the home directory.
</dados/gpaulino/macmorpho> was used as the working directory.
Started at Results reported on 
Your job looked like:

------------------------------------------------------------
# LSBATCH: User input
./train.sh /dados/gpaulino/macmorpho /dados/gpaulino/macmorpho/NaiveBayesTrainerParams.txt remove-pcp NaiveBayes
------------------------------------------------------------

Successfully completed.

Resource usage summary:

    CPU time :                                   72.72 sec.
    Max Memory :                                 1564 MB
    Average Memory :                             541.93 MB
    Total Requested Memory :                     -
    Delta Memory :                               -
    Max Swap :                                   -
    Max Processes :                              5
    Max Threads :                                56
    Run time :                                   198 sec.
    Turnaround time :                            335 sec.

The output (if any) follows:



PS:

Read file <1396105.err> for stderr output of this job.

