Sender: LSF System <lsfadmin@nx360007>
Subject: Job 1396113: <./train-complete-data.sh /dados/gpaulino/macmorpho /dados/gpaulino/macmorpho/MaxentQNTrainerParams.txt remove-pcp MaxentQN> in cluster <brl> Done

Job <./train-complete-data.sh /dados/gpaulino/macmorpho /dados/gpaulino/macmorpho/MaxentQNTrainerParams.txt remove-pcp MaxentQN> was submitted from host <masternode> by user <gpaulino> in cluster <brl>.
Job was executed on host(s) <nx360007>, in queue <normal>, as user <gpaulino> in cluster <brl>.
</home/gpaulino> was used as the home directory.
</dados/gpaulino/macmorpho> was used as the working directory.
Started at Results reported on 
Your job looked like:

------------------------------------------------------------
# LSBATCH: User input
./train-complete-data.sh /dados/gpaulino/macmorpho /dados/gpaulino/macmorpho/MaxentQNTrainerParams.txt remove-pcp MaxentQN
------------------------------------------------------------

Successfully completed.

Resource usage summary:

    CPU time :                                   1860.69 sec.
    Max Memory :                                 3842 MB
    Average Memory :                             3519.09 MB
    Total Requested Memory :                     -
    Delta Memory :                               -
    Max Swap :                                   -
    Max Processes :                              5
    Max Threads :                                56
    Run time :                                   1943 sec.
    Turnaround time :                            2475 sec.

The output (if any) follows:



PS:

Read file <1396113.err> for stderr output of this job.

