Sender: LSF System <lsfadmin@nx360003>
Subject: Job 1396103: <./train.sh /dados/gpaulino/macmorpho /dados/gpaulino/macmorpho/MaxentTrainerParams.txt mm-revisto Maxent> in cluster <brl> Done

Job <./train.sh /dados/gpaulino/macmorpho /dados/gpaulino/macmorpho/MaxentTrainerParams.txt mm-revisto Maxent> was submitted from host <masternode> by user <gpaulino> in cluster <brl>.
Job was executed on host(s) <nx360003>, in queue <normal>, as user <gpaulino> in cluster <brl>.
</home/gpaulino> was used as the home directory.
</dados/gpaulino/macmorpho> was used as the working directory.
Started at Results reported on 
Your job looked like:

------------------------------------------------------------
# LSBATCH: User input
./train.sh /dados/gpaulino/macmorpho /dados/gpaulino/macmorpho/MaxentTrainerParams.txt mm-revisto Maxent
------------------------------------------------------------

Successfully completed.

Resource usage summary:

    CPU time :                                   373.89 sec.
    Max Memory :                                 1618 MB
    Average Memory :                             1052.27 MB
    Total Requested Memory :                     -
    Delta Memory :                               -
    Max Swap :                                   -
    Max Processes :                              5
    Max Threads :                                57
    Run time :                                   466 sec.
    Turnaround time :                            883 sec.

The output (if any) follows:



PS:

Read file <1396103.err> for stderr output of this job.

