Sender: LSF System <lsfadmin@idpx003>
Subject: Job 1396110: <./train.sh /dados/gpaulino/macmorpho /dados/gpaulino/macmorpho/PerceptronTrainerParams.txt keep-pcp Perceptron> in cluster <brl> Done

Job <./train.sh /dados/gpaulino/macmorpho /dados/gpaulino/macmorpho/PerceptronTrainerParams.txt keep-pcp Perceptron> was submitted from host <masternode> by user <gpaulino> in cluster <brl>.
Job was executed on host(s) <idpx003>, in queue <normal>, as user <gpaulino> in cluster <brl>.
</home/gpaulino> was used as the home directory.
</dados/gpaulino/macmorpho> was used as the working directory.
Started at Results reported on 
Your job looked like:

------------------------------------------------------------
# LSBATCH: User input
./train.sh /dados/gpaulino/macmorpho /dados/gpaulino/macmorpho/PerceptronTrainerParams.txt keep-pcp Perceptron
------------------------------------------------------------

Successfully completed.

Resource usage summary:

    CPU time :                                   246.80 sec.
    Max Memory :                                 1741 MB
    Average Memory :                             993.70 MB
    Total Requested Memory :                     -
    Delta Memory :                               -
    Max Swap :                                   -
    Max Processes :                              5
    Max Threads :                                56
    Run time :                                   280 sec.
    Turnaround time :                            331 sec.

The output (if any) follows:



PS:

Read file <1396110.err> for stderr output of this job.

