Sender: LSF System <lsfadmin@nx360010>
Subject: Job 1396098: <./train.sh /dados/gpaulino/macmorpho /dados/gpaulino/macmorpho/MaxentQNTrainerParams.txt keep-pcp MaxentQN> in cluster <brl> Done

Job <./train.sh /dados/gpaulino/macmorpho /dados/gpaulino/macmorpho/MaxentQNTrainerParams.txt keep-pcp MaxentQN> was submitted from host <masternode> by user <gpaulino> in cluster <brl>.
Job was executed on host(s) <nx360010>, in queue <normal>, as user <gpaulino> in cluster <brl>.
</home/gpaulino> was used as the home directory.
</dados/gpaulino/macmorpho> was used as the working directory.
Started at Results reported on 
Your job looked like:

------------------------------------------------------------
# LSBATCH: User input
./train.sh /dados/gpaulino/macmorpho /dados/gpaulino/macmorpho/MaxentQNTrainerParams.txt keep-pcp MaxentQN
------------------------------------------------------------

Successfully completed.

Resource usage summary:

    CPU time :                                   3129.00 sec.
    Max Memory :                                 3736 MB
    Average Memory :                             3502.42 MB
    Total Requested Memory :                     -
    Delta Memory :                               -
    Max Swap :                                   -
    Max Processes :                              5
    Max Threads :                                56
    Run time :                                   3288 sec.
    Turnaround time :                            2515 sec.

The output (if any) follows:



PS:

Read file <1396098.err> for stderr output of this job.

