Indexing events with TwoPass using cutoff of 0

	Computing event counts...  done. 201503 events
	Indexing...  done.
Collecting events... Done indexing in 3,88 s.
Incorporating indexed data for training...  
done.
	Number of Event Tokens: 201503
	    Number of Outcomes: 31
	  Number of Predicates: 180736
Computing model parameters...
Performing 300 iterations.
  1:  . (182681/201503) 0.9065919614100039
  2:  . (190795/201503) 0.9468593519699459
  3:  . (193342/201503) 0.9594993622923729
  4:  . (194927/201503) 0.9673652501451592
  5:  . (195863/201503) 0.9720103422777825
  6:  . (196682/201503) 0.9760747978938279
  7:  . (197358/201503) 0.9794295866562781
  8:  . (197745/201503) 0.9813501535957281
  9:  . (198165/201503) 0.9834344898090848
 10:  . (198509/201503) 0.9851416604219292
 20:  . (200040/201503) 0.9927395621901411
 30:  . (200548/201503) 0.9952606164672486
 40:  . (200835/201503) 0.996684912879709
 50:  . (200971/201503) 0.9973598407964149
 60:  . (201087/201503) 0.997935514607723
 70:  . (201176/201503) 0.9983771953767437
 80:  . (201163/201503) 0.9983126802082352
 90:  . (201212/201503) 0.9985558527664601
100:  . (201214/201503) 0.9985657781769999
110:  . (201287/201503) 0.9989280556617023
120:  . (201283/201503) 0.9989082048406227
130:  . (201313/201503) 0.9990570859987197
140:  . (201302/201503) 0.9990024962407508
150:  . (201305/201503) 0.9990173843565604
160:  . (201357/201503) 0.9992754450305951
170:  . (201337/201503) 0.9991761909251972
180:  . (201358/201503) 0.999280407735865
190:  . (201365/201503) 0.9993151466727542
200:  . (201368/201503) 0.999330034788564
Stopping: change in training set accuracy less than 1.0E-5
Stats: (201180/201503) 0.9983970461978233
...done.
