Indexing events with TwoPass using cutoff of 5

	Computing event counts...  done. 201503 events
	Indexing...  done.
Sorting and merging events... done. Reduced 201503 events to 194130.
Done indexing in 3,84 s.
Incorporating indexed data for training...  
done.
	Number of Event Tokens: 194130
	    Number of Outcomes: 31
	  Number of Predicates: 35165
...done.
Computing model parameters ...
Performing 100 iterations.
  1:  ... loglikelihood=-691958.7236652086	0.09183486101943891
  2:  ... loglikelihood=-349693.6610671351	0.8746023632402495
  3:  ... loglikelihood=-223083.366348068	0.916770469918562
  4:  ... loglikelihood=-163972.27518967184	0.9303484315369994
  5:  ... loglikelihood=-131069.06091746829	0.9375989439363186
  6:  ... loglikelihood=-110413.8698083122	0.9426410524905336
  7:  ... loglikelihood=-96306.68776504467	0.9462588646322884
  8:  ... loglikelihood=-86056.16056794538	0.9491471590993682
  9:  ... loglikelihood=-78249.43529319235	0.9519163486399707
 10:  ... loglikelihood=-72083.0663167218	0.954154528716694
 11:  ... loglikelihood=-67070.23883244584	0.9561445735299227
 12:  ... loglikelihood=-62900.22786682504	0.9578666322585768
 13:  ... loglikelihood=-59365.85286830488	0.9593207049026565
 14:  ... loglikelihood=-56323.71911276767	0.9606159709780996
 15:  ... loglikelihood=-53671.35413293854	0.9620005657484008
 16:  ... loglikelihood=-51333.58503700293	0.9632511674764147
 17:  ... loglikelihood=-49254.025950913936	0.9644174032148405
 18:  ... loglikelihood=-47389.418063157216	0.9654149069740897
 19:  ... loglikelihood=-45705.864895461156	0.9664421869649583
 20:  ... loglikelihood=-44176.40238814668	0.9672858468608407
 21:  ... loglikelihood=-42779.296808767365	0.9680649915882146
 22:  ... loglikelihood=-41496.803459311224	0.9689433904209863
 23:  ... loglikelihood=-40314.29595174877	0.969772162201059
 24:  ... loglikelihood=-39219.625233669365	0.9704222765914156
 25:  ... loglikelihood=-38202.61730824395	0.971216309434599
 26:  ... loglikelihood=-37254.675747708905	0.9718713865302253
 27:  ... loglikelihood=-36368.47546021927	0.9724817992784226
 28:  ... loglikelihood=-35537.729087429165	0.9730425849739209
 29:  ... loglikelihood=-34757.00546609956	0.9735487809114505
 30:  ... loglikelihood=-34021.58544261289	0.9740202379120907
 31:  ... loglikelihood=-33327.346082725206	0.9745065830285405
 32:  ... loglikelihood=-32670.667145098876	0.9749184875659419
 33:  ... loglikelihood=-32048.355015782014	0.9753849818613123
 34:  ... loglikelihood=-31457.580316812742	0.9758365880408728
 35:  ... loglikelihood=-30895.826314800714	0.9761939028203054
 36:  ... loglikelihood=-30360.845975127366	0.9765859565366273
 37:  ... loglikelihood=-29850.62601400081	0.9770226746003782
 38:  ... loglikelihood=-29363.356652077393	0.9774345791377795
 39:  ... loglikelihood=-28897.406032831284	0.9777770058014025
 40:  ... loglikelihood=-28451.298473091894	0.9782087611598834
 41:  ... loglikelihood=-28023.69587796091	0.9785561505287762
 42:  ... loglikelihood=-27613.381784426387	0.9788390247291604
 43:  ... loglikelihood=-27219.247602271018	0.9791268616348143
 44:  ... loglikelihood=-26840.280702476994	0.9794494374773577
 45:  ... loglikelihood=-26475.554067142606	0.9796876473303127
 46:  ... loglikelihood=-26124.217265329185	0.9799308198885376
 47:  ... loglikelihood=-25785.488559452588	0.9801690297414927
 48:  ... loglikelihood=-25458.64797923196	0.9804221277102574
 49:  ... loglikelihood=-25143.03122670923	0.9806206359210533
 50:  ... loglikelihood=-24838.024297402073	0.9808489203634685
 51:  ... loglikelihood=-24543.05872059231	0.9811069810375032
 52:  ... loglikelihood=-24257.60733651266	0.9813352654799185
 53:  ... loglikelihood=-23981.180540488567	0.981543699101254
 54:  ... loglikelihood=-23713.322934386684	0.9817273191962402
 55:  ... loglikelihood=-23453.610334309622	0.9819010138806866
 56:  ... loglikelihood=-23201.647090701405	0.982124335617832
 57:  ... loglikelihood=-22957.063683154196	0.9823129184180881
 58:  ... loglikelihood=-22719.514557319777	0.9824915758078043
 59:  ... loglikelihood=-22488.676175743378	0.9826503823764411
 60:  ... loglikelihood=-22264.245258125487	0.982794300829268
 61:  ... loglikelihood=-22045.937189709737	0.9829679955137144
 62:  ... loglikelihood=-21833.48457919285	0.9831069512612716
 63:  ... loglikelihood=-21626.63594989915	0.9833104221773373
 64:  ... loglikelihood=-21425.154549946423	0.983469228745974
 65:  ... loglikelihood=-21228.817268874856	0.9836081844935312
 66:  ... loglikelihood=-21037.413649688875	0.9837719537674378
 67:  ... loglikelihood=-20850.7449865758	0.9839059468097249
 68:  ... loglikelihood=-20668.623499674643	0.9840200890309325
 69:  ... loglikelihood=-20490.87157926091	0.9841491193679499
 70:  ... loglikelihood=-20317.32109257514	0.9842533361786177
 71:  ... loglikelihood=-20147.812747254706	0.9843724411050953
 72:  ... loglikelihood=-19982.195506010397	0.9845262849684621
 73:  ... loglikelihood=-19820.326047745286	0.9846751661265589
 74:  ... loglikelihood=-19662.06827084289	0.9847793829372268
 75:  ... loglikelihood=-19507.292834789358	0.9848687116320849
 76:  ... loglikelihood=-19355.876736678387	0.9849778911480226
 77:  ... loglikelihood=-19207.702919539057	0.9850622571376109
 78:  ... loglikelihood=-19062.659909681388	0.9851416604219292
 79:  ... loglikelihood=-18920.641480585895	0.9852359518220573
 80:  ... loglikelihood=-18781.54634106067	0.9853203178116455
 81:  ... loglikelihood=-18645.27784564737	0.9853897956854241
 82:  ... loglikelihood=-18511.74372541695	0.9855436395487909
 83:  ... loglikelihood=-18380.85583750755	0.9856478563594586
 84:  ... loglikelihood=-18252.529931871777	0.9857173342332373
 85:  ... loglikelihood=-18126.685433867162	0.9858066629280954
 86:  ... loglikelihood=-18003.24524144904	0.985920805149303
 87:  ... loglikelihood=-17882.13553581262	0.985965469496732
 88:  ... loglikelihood=-17763.285604457596	0.986015096549431
 89:  ... loglikelihood=-17646.62767573312	0.9861242760653688
 90:  ... loglikelihood=-17532.0967639816	0.9861788658233376
 91:  ... loglikelihood=-17419.63052451732	0.9862930080445452
 92:  ... loglikelihood=-17309.169117685396	0.9863624859183238
 93:  ... loglikelihood=-17200.655081365017	0.986446851907912
 94:  ... loglikelihood=-17094.03321129489	0.9865113670764207
 95:  ... loglikelihood=-16989.25044866016	0.9865957330660089
 96:  ... loglikelihood=-16886.255774436155	0.9866800990555972
 97:  ... loglikelihood=-16785.00011001032	0.9867644650451854
 98:  ... loglikelihood=-16685.436223647357	0.9868240175084242
 99:  ... loglikelihood=-16587.51864240148	0.986928234319092
100:  ... loglikelihood=-16491.203569100322	0.9869877867823308
