Indexing events with TwoPass using cutoff of 0

	Computing event counts...  done. 1007707 events
	Indexing...  done.
Collecting events... Done indexing in 26,92 s.
Incorporating indexed data for training...  
done.
	Number of Event Tokens: 1007707
	    Number of Outcomes: 19
	  Number of Predicates: 375334
Computing model parameters...
Performing 300 iterations.
  1:  . (952584/1007707) 0.9452985838145413
  2:  . (971990/1007707) 0.9645561656314782
  3:  . (978077/1007707) 0.9705966119119943
  4:  . (982096/1007707) 0.9745848743732057
  5:  . (984762/1007707) 0.9772304846547657
  6:  . (986812/1007707) 0.9792648061390861
  7:  . (988501/1007707) 0.9809408885717773
  8:  . (989950/1007707) 0.9823788065380116
  9:  . (991025/1007707) 0.9834455848773502
 10:  . (992118/1007707) 0.9845302255516732
 20:  . (997610/1007707) 0.9899802224257647
 30:  . (999692/1007707) 0.9920462991722793
 40:  . (1000878/1007707) 0.9932232285773543
 50:  . (1001695/1007707) 0.9940339801152518
 60:  . (1002113/1007707) 0.9944487832276644
 70:  . (1002611/1007707) 0.9949429744955627
 80:  . (1002931/1007707) 0.9952605271175053
 90:  . (1003044/1007707) 0.9953726628871289
100:  . (1003258/1007707) 0.9955850262030531
110:  . (1003505/1007707) 0.9958301371331151
120:  . (1003659/1007707) 0.995982959332425
130:  . (1003704/1007707) 0.9960276151698857
140:  . (1003831/1007707) 0.9961536438667192
150:  . (1003938/1007707) 0.9962598255246813
160:  . (1004025/1007707) 0.996346160143772
170:  . (1004083/1007707) 0.9964037165564991
180:  . (1004137/1007707) 0.9964573035614519
190:  . (1004196/1007707) 0.9965158523261226
200:  . (1004351/1007707) 0.996669666877376
210:  . (1004352/1007707) 0.9966706592293196
220:  . (1004340/1007707) 0.9966587510059968
230:  . (1004472/1007707) 0.9967897414625482
240:  . (1004504/1007707) 0.9968214967247424
250:  . (1004554/1007707) 0.996871114321921
260:  . (1004571/1007707) 0.9968879843049616
Stopping: change in training set accuracy less than 1.0E-5
Stats: (996704/1007707) 0.9890811515648894
...done.
