Indexing events with TwoPass using cutoff of 0

	Computing event counts...  done. 1007636 events
	Indexing...  done.
Collecting events... Done indexing in 17,62 s.
Incorporating indexed data for training...  
done.
	Number of Event Tokens: 1007636
	    Number of Outcomes: 42
	  Number of Predicates: 376102
Computing model parameters...
Performing 300 iterations.
  1:  . (947800/1007636) 0.9406174451885403
  2:  . (968699/1007636) 0.9613580697791663
  3:  . (975308/1007636) 0.9679169858957004
  4:  . (979469/1007636) 0.9720464532827331
  5:  . (982805/1007636) 0.9753571726297988
  6:  . (984988/1007636) 0.9775236295646443
  7:  . (986988/1007636) 0.9795084732978973
  8:  . (988399/1007636) 0.9809087805517072
  9:  . (989698/1007636) 0.9821979365564549
 10:  . (990941/1007636) 0.9834315169366715
 20:  . (996888/1007636) 0.989333449777499
 30:  . (999413/1007636) 0.9918393149907307
 40:  . (1000657/1007636) 0.993073887792814
 50:  . (1001483/1007636) 0.9938936282546476
 60:  . (1002037/1007636) 0.9944434299687586
 70:  . (1002505/1007636) 0.9949078834023397
 80:  . (1002877/1007636) 0.9952770643367248
 90:  . (1003084/1007636) 0.9954824956631164
100:  . (1003268/1007636) 0.9956651012865757
110:  . (1003465/1007636) 0.9958606083943011
120:  . (1003657/1007636) 0.9960511533926933
130:  . (1003812/1007636) 0.9962049787820205
140:  . (1003826/1007636) 0.9962188726881532
150:  . (1003863/1007636) 0.9962555922972185
160:  . (1004002/1007636) 0.9963935389366795
170:  . (1004090/1007636) 0.9964808720609426
180:  . (1004219/1007636) 0.9966088944817375
190:  . (1004291/1007636) 0.9966803488561345
200:  . (1004409/1007636) 0.9967974546363965
210:  . (1004391/1007636) 0.9967795910427972
Stopping: change in training set accuracy less than 1.0E-5
Stats: (998286/1007636) 0.9907208555470428
...done.
