Indexing events with TwoPass using cutoff of 0

	Computing event counts...  done. 1007707 events
	Indexing...  done.
Collecting events... Done indexing in 36,70 s.
Incorporating indexed data for training...  
done.
	Number of Event Tokens: 1007707
	    Number of Outcomes: 18
	  Number of Predicates: 375301
Computing model parameters...
Performing 300 iterations.
  1:  . (950572/1007707) 0.9433019717040767
  2:  . (970243/1007707) 0.9628225267860598
  3:  . (977043/1007707) 0.9695705200023419
  4:  . (980742/1007707) 0.9732412298416107
  5:  . (983690/1007707) 0.9761666833712577
  6:  . (985793/1007707) 0.9782535995085874
  7:  . (987697/1007707) 0.9801430376091463
  8:  . (989125/1007707) 0.9815601161845655
  9:  . (990205/1007707) 0.9826318562836222
 10:  . (991236/1007707) 0.9836549711374437
 20:  . (997106/1007707) 0.9894800770462049
 30:  . (999302/1007707) 0.9916592819142865
 40:  . (1000505/1007707) 0.9928530813024024
 50:  . (1001540/1007707) 0.9938801655639983
 60:  . (1001977/1007707) 0.9943138233633387
 70:  . (1002322/1007707) 0.9946561847838707
 80:  . (1002665/1007707) 0.9949965615005155
 90:  . (1002810/1007707) 0.9951404525323333
100:  . (1003145/1007707) 0.9954728904334296
110:  . (1003295/1007707) 0.9956217432249652
120:  . (1003392/1007707) 0.9957180013634915
130:  . (1003599/1007707) 0.9959234182158108
140:  . (1003691/1007707) 0.9960147145946193
150:  . (1003889/1007707) 0.9962112002794463
160:  . (1003930/1007707) 0.9962518867091327
170:  . (1004047/1007707) 0.9963679918865305
180:  . (1004035/1007707) 0.9963560836632076
190:  . (1004133/1007707) 0.9964533341536777
200:  . (1004252/1007707) 0.9965714240349626
Stopping: change in training set accuracy less than 1.0E-5
Stats: (997682/1007707) 0.9900516717657017
...done.
