Indexing events with TwoPass using cutoff of 5

	Computing event counts...  done. 1221507 events
	Indexing...  done.
Sorting and merging events... done. Reduced 1221507 events to 1092588.
Done indexing in 25,03 s.
Incorporating indexed data for training...  
done.
	Number of Event Tokens: 1092588
	    Number of Outcomes: 18
	  Number of Predicates: 117660
...done.
Computing model parameters ...
Performing 100 iterations.
  1:  ... loglikelihood=-3530609.3348922455	0.19113439382664202
  2:  ... loglikelihood=-1624338.6315369492	0.8708562456048143
  3:  ... loglikelihood=-1014922.1725151093	0.9161281924704484
  4:  ... loglikelihood=-743957.5346330393	0.9365030245426347
  5:  ... loglikelihood=-595714.765008926	0.9450842279250139
  6:  ... loglikelihood=-503284.1592963635	0.9498062639018852
  7:  ... loglikelihood=-440266.6200781905	0.9531333017330232
  8:  ... loglikelihood=-394466.3833734204	0.9557309127168325
  9:  ... loglikelihood=-359566.45558253577	0.9579936913992306
 10:  ... loglikelihood=-331994.7261331236	0.9597849214126485
 11:  ... loglikelihood=-309587.66357126564	0.9614639948850068
 12:  ... loglikelihood=-290961.20288329764	0.9630464663730949
 13:  ... loglikelihood=-275189.61454154307	0.9644954961371486
 14:  ... loglikelihood=-261630.37613307836	0.9657087515667123
 15:  ... loglikelihood=-249823.36576275327	0.9668401409079113
 16:  ... loglikelihood=-239430.16064241368	0.9678691976386545
 17:  ... loglikelihood=-230196.03538546807	0.9688016523851275
 18:  ... loglikelihood=-221925.35572480998	0.9696023027293336
 19:  ... loglikelihood=-214465.19752542482	0.9704070463779577
 20:  ... loglikelihood=-207694.17147515633	0.9711618517126795
 21:  ... loglikelihood=-201514.60734623304	0.9717815780015997
 22:  ... loglikelihood=-195846.96259153992	0.9723988483078689
 23:  ... loglikelihood=-190625.74777633988	0.972981734857025
 24:  ... loglikelihood=-185796.5100263991	0.9735621654235301
 25:  ... loglikelihood=-181313.5671039113	0.97407628445846
 26:  ... loglikelihood=-177138.2822675502	0.9745863101889715
 27:  ... loglikelihood=-173237.7344810095	0.9750480349273479
 28:  ... loglikelihood=-169583.68163748167	0.9754639146562402
 29:  ... loglikelihood=-166151.74372862733	0.9758806130460161
 30:  ... loglikelihood=-162920.7530578885	0.9762612903569116
 31:  ... loglikelihood=-159872.23271254092	0.9766206824848322
 32:  ... loglikelihood=-156989.97451996765	0.9769571521080108
 33:  ... loglikelihood=-154259.6949024917	0.9773001710182586
 34:  ... loglikelihood=-151668.75226480016	0.977616174119346
 35:  ... loglikelihood=-149205.91337749714	0.9779264465942479
 36:  ... loglikelihood=-146861.15906169685	0.9782015166511531
 37:  ... loglikelihood=-144625.52161023143	0.9784733120645236
 38:  ... loglikelihood=-142490.94799941342	0.9787418328343596
 39:  ... loglikelihood=-140450.1841867539	0.9789964363691734
 40:  ... loglikelihood=-138496.67675136644	0.9792330293645473
 41:  ... loglikelihood=-136624.48888161257	0.9794638917337355
 42:  ... loglikelihood=-134828.2282995379	0.9796775622243671
 43:  ... loglikelihood=-133102.98516966347	0.9798838647670459
 44:  ... loglikelihood=-131444.27840170212	0.9800901673097248
 45:  ... loglikelihood=-129848.00904261327	0.9802915578871018
 46:  ... loglikelihood=-128310.41968228073	0.9804888551600605
 47:  ... loglikelihood=-126828.05898076763	0.9806730538588809
 48:  ... loglikelihood=-125397.75057389401	0.980853159253283
 49:  ... loglikelihood=-124016.56573508342	0.981001336873223
 50:  ... loglikelihood=-122681.79927063819	0.9811961781635308
 51:  ... loglikelihood=-121390.94820767312	0.9813680969490964
 52:  ... loglikelihood=-120141.69290137423	0.9815506583261496
 53:  ... loglikelihood=-118931.88024457016	0.9817356756858536
 54:  ... loglikelihood=-117759.5087094452	0.9818895839319791
 55:  ... loglikelihood=-116622.71499047063	0.9820328495866172
 56:  ... loglikelihood=-115519.76205047166	0.9821761152412553
 57:  ... loglikelihood=-114449.02839942783	0.9823161062523588
 58:  ... loglikelihood=-113408.99845918932	0.9824593719069968
 59:  ... loglikelihood=-112398.25388681874	0.9825805337177765
 60:  ... loglikelihood=-111415.46574634966	0.982692690258836
 61:  ... loglikelihood=-110459.38743306104	0.9828187640349175
 62:  ... loglikelihood=-109528.8482665951	0.9829382885239298
 63:  ... loglikelihood=-108622.74767974204	0.9830610876564768
 64:  ... loglikelihood=-107740.0499389254	0.9831797934846055
 65:  ... loglikelihood=-106879.77933998479	0.9832878567212467
 66:  ... loglikelihood=-106041.01582992193	0.9833991946014227
 67:  ... loglikelihood=-105222.89101060232	0.9835146257860168
 68:  ... loglikelihood=-104424.58448615449	0.9836095904485197
 69:  ... loglikelihood=-103645.32051961726	0.9837307522592994
 70:  ... loglikelihood=-102884.36496857474	0.983837996835057
 71:  ... loglikelihood=-102141.02247279201	0.9839321428366763
 72:  ... loglikelihood=-101414.63386987292	0.9840328381253648
 73:  ... loglikelihood=-100704.57381742397	0.9841245281443332
 74:  ... loglikelihood=-100010.24860270998	0.9841916583367922
 75:  ... loglikelihood=-99331.0941224536	0.9842808923731096
 76:  ... loglikelihood=-98666.57401771586	0.9843791316791471
 77:  ... loglikelihood=-98016.17794976046	0.9844781896460684
 78:  ... loglikelihood=-97379.4200047216	0.9845706983259204
 79:  ... loglikelihood=-96755.83721581165	0.9846427404836813
 80:  ... loglikelihood=-96144.98819303991	0.9847303371982313
 81:  ... loglikelihood=-95546.45185133524	0.9848105659648287
 82:  ... loglikelihood=-94959.82622884994	0.9848965253576115
 83:  ... loglikelihood=-94384.72738806542	0.984985759393929
 84:  ... loglikelihood=-93820.78839285117	0.985055345569039
 85:  ... loglikelihood=-93267.65835548946	0.9851388489791708
 86:  ... loglikelihood=-92725.00154797827	0.9852190777457681
 87:  ... loglikelihood=-92192.49657266041	0.9852829332946925
 88:  ... loglikelihood=-91669.8355875238	0.9853639807221735
 89:  ... loglikelihood=-91156.72358195313	0.9854392975234689
 90:  ... loglikelihood=-90652.8776991628	0.9855129770029971
 91:  ... loglikelihood=-90158.02660175125	0.985573557908387
 92:  ... loglikelihood=-89671.90987723104	0.9856275895267076
 93:  ... loglikelihood=-89194.27748052665	0.9856988130235848
 94:  ... loglikelihood=-88724.8892108143	0.9857643058942765
 95:  ... loglikelihood=-88263.51422022899	0.9858338920693864
 96:  ... loglikelihood=-87809.93055217766	0.9858887423485907
 97:  ... loglikelihood=-87363.92470712269	0.9859468672713296
 98:  ... loglikelihood=-86925.29123399557	0.986008266837603
 99:  ... loglikelihood=-86493.8323454617	0.9860631171168074
100:  ... loglikelihood=-86069.35755535089	0.9861065061436406
