Indexing events with TwoPass using cutoff of 5

	Computing event counts...  done. 1007707 events
	Indexing...  done.
Sorting and merging events... done. Reduced 1007707 events to 904981.
Done indexing in 37,85 s.
Incorporating indexed data for training...  
done.
	Number of Event Tokens: 904981
	    Number of Outcomes: 18
	  Number of Predicates: 104449
...done.
Computing model parameters ...
Performing 100 iterations.
  1:  ... loglikelihood=-2912647.8530342975	0.19050378731119263
  2:  ... loglikelihood=-1353724.544521424	0.8692268685242833
  3:  ... loglikelihood=-849436.7379764097	0.915019941312306
  4:  ... loglikelihood=-623908.7094751755	0.9355388024495216
  5:  ... loglikelihood=-500075.45904314384	0.9440611209409084
  6:  ... loglikelihood=-422684.677533174	0.948953416022713
  7:  ... loglikelihood=-369841.1517338745	0.9523293973347412
  8:  ... loglikelihood=-331394.8361651304	0.954979969376019
  9:  ... loglikelihood=-302075.5564886646	0.9572703176617806
 10:  ... loglikelihood=-278898.10725733865	0.9592183045270103
 11:  ... loglikelihood=-260052.30082403612	0.960969805707413
 12:  ... loglikelihood=-244379.16269992155	0.9625734464482235
 13:  ... loglikelihood=-231103.0331980117	0.9639677009289407
 14:  ... loglikelihood=-219685.26877124133	0.9652379114167114
 15:  ... loglikelihood=-209739.96145343056	0.9664525501956421
 16:  ... loglikelihood=-200983.15874814105	0.9674647491780844
 17:  ... loglikelihood=-193201.05372734988	0.9684213764516868
 18:  ... loglikelihood=-186229.3816691164	0.9692926614581421
 19:  ... loglikelihood=-179939.70424084732	0.9700865430129988
 20:  ... loglikelihood=-174230.04590677714	0.970858592825097
 21:  ... loglikelihood=-169018.3384038632	0.971559193297258
 22:  ... loglikelihood=-164237.72904815635	0.9721734591503284
 23:  ... loglikelihood=-159833.16206139047	0.9727748244281323
 24:  ... loglikelihood=-155758.84784101995	0.973386113225372
 25:  ... loglikelihood=-151976.36193907916	0.9739070979957468
 26:  ... loglikelihood=-148453.19757282475	0.974434036877783
 27:  ... loglikelihood=-145161.64965219534	0.9748915111237691
 28:  ... loglikelihood=-142077.9445298417	0.9753529547775296
 29:  ... loglikelihood=-139181.5542523111	0.9757677578899422
 30:  ... loglikelihood=-136454.65100791858	0.9761766068906934
 31:  ... loglikelihood=-133881.66927831268	0.9765487388695325
 32:  ... loglikelihood=-131448.95155619903	0.9768960620497823
 33:  ... loglikelihood=-129144.45948397223	0.9772443775819757
 34:  ... loglikelihood=-126957.53662821607	0.9775470449247649
 35:  ... loglikelihood=-124878.71232444867	0.9778715440103125
 36:  ... loglikelihood=-122899.53843306992	0.9781494025545123
 37:  ... loglikelihood=-121012.45266137707	0.9784371846181479
 38:  ... loglikelihood=-119210.66348298284	0.9786912267157021
 39:  ... loglikelihood=-117488.05273400385	0.9789313758860463
 40:  ... loglikelihood=-115839.09276929553	0.9792062573744154
 41:  ... loglikelihood=-114258.7756814728	0.9794831235666717
 42:  ... loglikelihood=-112742.55256804581	0.9797341886083951
 43:  ... loglikelihood=-111286.28120996429	0.9799584601476421
 44:  ... loglikelihood=-109886.18082425237	0.9801757852232842
 45:  ... loglikelihood=-108538.79279205437	0.9803673091483933
 46:  ... loglikelihood=-107240.94645468314	0.9805548636657282
 47:  ... loglikelihood=-105989.7292252107	0.9807424181830632
 48:  ... loglikelihood=-104782.46038848702	0.9809131027173573
 49:  ... loglikelihood=-103616.66806510049	0.9810996648827487
 50:  ... loglikelihood=-102490.06889858551	0.9812763035287043
 51:  ... loglikelihood=-101400.55009466485	0.9814708045096442
 52:  ... loglikelihood=-100346.15349806247	0.9816315655245027
 53:  ... loglikelihood=-99325.0614400913	0.9817913341874176
 54:  ... loglikelihood=-98335.58412966879	0.9819540799061632
 55:  ... loglikelihood=-97376.14839323549	0.9820959862340939
 56:  ... loglikelihood=-96445.28759700347	0.9822378925620244
 57:  ... loglikelihood=-95541.6326079836	0.9823926994652216
 58:  ... loglikelihood=-94663.90367014855	0.9825236899217729
 59:  ... loglikelihood=-93810.9030885062	0.9826913974002364
 60:  ... loglikelihood=-92981.50862830254	0.9828392578398284
 61:  ... loglikelihood=-92174.66754849556	0.9829831488716462
 62:  ... loglikelihood=-91389.39119890015	0.983085361121834
 63:  ... loglikelihood=-90624.75011947003	0.9832113898186675
 64:  ... loglikelihood=-89879.8695877173	0.9833215408844039
 65:  ... loglikelihood=-89153.92556672083	0.9834674166201088
 66:  ... loglikelihood=-88446.1410120805	0.9835597053508609
 67:  ... loglikelihood=-87755.78250091906	0.9836688640646537
 68:  ... loglikelihood=-87082.15715041936	0.9837710763148415
 69:  ... loglikelihood=-86424.60979702724	0.9838861891402957
 70:  ... loglikelihood=-85782.52041083078	0.9839913784463142
 71:  ... loglikelihood=-85155.301722257	0.9841025218639942
 72:  ... loglikelihood=-84542.39704095403	0.984204734114182
 73:  ... loglikelihood=-83943.27824877923	0.9842940457891034
 74:  ... loglikelihood=-83357.44395070297	0.984392288631517
 75:  ... loglikelihood=-82784.41776924963	0.9844835850103254
 76:  ... loglikelihood=-82223.74676954992	0.9845758737410775
 77:  ... loglikelihood=-81675.00000327789	0.9846632007121118
 78:  ... loglikelihood=-81137.76716118808	0.9847326653481617
 79:  ... loglikelihood=-80611.65732467141	0.9848170152633653
 80:  ... loglikelihood=-80096.29780800486	0.9849063269382866
 81:  ... loglikelihood=-79591.33308352376	0.984988692149603
 82:  ... loglikelihood=-79096.42378285003	0.9850601414895401
 83:  ... loglikelihood=-78611.24576788009	0.9851286137736465
 84:  ... loglikelihood=-78135.48926590818	0.9852169330966243
 85:  ... loglikelihood=-77668.85806364431	0.9852764742132386
 86:  ... loglikelihood=-77211.06875552135	0.9853647935362164
 87:  ... loglikelihood=-76761.85004202202	0.9854322734683792
 88:  ... loglikelihood=-76320.94207412157	0.9855017381044292
 89:  ... loglikelihood=-75888.09584033988	0.9855662409807613
 90:  ... loglikelihood=-75463.07259324173	0.985624789745432
 91:  ... loglikelihood=-75045.64331231297	0.9856783767503848
 92:  ... loglikelihood=-74635.58820067676	0.9857488337383783
 93:  ... loglikelihood=-74232.69621312205	0.9858133366147104
 94:  ... loglikelihood=-73836.76461318505	0.9858728777313247
 95:  ... loglikelihood=-73447.59855724034	0.9859264647362775
 96:  ... loglikelihood=-73065.01070376624	0.985983028797061
 97:  ... loglikelihood=-72688.82084586727	0.9860286769864653
 98:  ... loglikelihood=-72318.8555656885	0.9860902028069667
 99:  ... loglikelihood=-71954.94790903802	0.9861487515716374
100:  ... loglikelihood=-71596.9370789101	0.9862043232804774
