Indexing events with TwoPass using cutoff of 0

	Computing event counts...  done. 1221507 events
	Indexing...  done.
Collecting events... Done indexing in 50,55 s.
Incorporating indexed data for training...  
done.
	Number of Event Tokens: 1221507
	    Number of Outcomes: 18
	  Number of Predicates: 414631
Computing model parameters...
Performing 300 iterations.
  1:  . (1154971/1221507) 0.9455295794457175
  2:  . (1177215/1221507) 0.9637398721415432
  3:  . (1184988/1221507) 0.9701033231901249
  4:  . (1189496/1221507) 0.973793846453602
  5:  . (1192407/1221507) 0.9761769682858961
  6:  . (1195519/1221507) 0.9787246409558029
  7:  . (1197316/1221507) 0.9801957745637151
  8:  . (1198963/1221507) 0.9815441090390804
  9:  . (1200464/1221507) 0.9827729190254333
 10:  . (1201408/1221507) 0.9835457348995953
 20:  . (1208066/1221507) 0.9889963790629116
 30:  . (1210630/1221507) 0.9910954255685804
 40:  . (1212287/1221507) 0.9924519466527821
 50:  . (1213306/1221507) 0.9932861620932176
 60:  . (1214057/1221507) 0.993900976416836
 70:  . (1214430/1221507) 0.9942063369264359
 80:  . (1214803/1221507) 0.994511697436036
 90:  . (1215134/1221507) 0.9947826741885228
100:  . (1215389/1221507) 0.9949914327138526
110:  . (1215490/1221507) 0.9950741174631009
120:  . (1215719/1221507) 0.9952615908054558
130:  . (1216029/1221507) 0.9955153756793862
140:  . (1216046/1221507) 0.9955292929144082
150:  . (1216190/1221507) 0.9956471800816532
160:  . (1216330/1221507) 0.9957617926053637
170:  . (1216486/1221507) 0.9958895037032125
180:  . (1216507/1221507) 0.995906695581769
190:  . (1216459/1221507) 0.995867399859354
200:  . (1216695/1221507) 0.9960606038278945
210:  . (1216696/1221507) 0.9960614224887782
220:  . (1216822/1221507) 0.9961645737601176
230:  . (1216966/1221507) 0.9962824609273627
240:  . (1216917/1221507) 0.996242346544064
250:  . (1216929/1221507) 0.9962521704746677
260:  . (1217013/1221507) 0.9963209379888941
270:  . (1216991/1221507) 0.9963029274494538
280:  . (1217158/1221507) 0.9964396438170228
290:  . (1217187/1221507) 0.9964633849826485
300:  . (1217167/1221507) 0.9964470117649755
Stats: (1208350/1221507) 0.9892288787538671
...done.
