Sender: LSF System <lsfadmin@idpx003>
Subject: Job 1403069: </dados/gpaulino/apache-opennlp-1.8.3/bin/opennlp POSTagger /dados/gpaulino/models/pt-mm-revisto-NaiveBayes < /dados/gpaulino/run-tagger/tokenized-text/macmorpho-v1-test-mm-revisto-tokenized.txt > /dados/gpaulino/run-tagger/tagged/pt-mm-revisto-NaiveBayes.tagged> in cluster <brl> Done

Job </dados/gpaulino/apache-opennlp-1.8.3/bin/opennlp POSTagger /dados/gpaulino/models/pt-mm-revisto-NaiveBayes < /dados/gpaulino/run-tagger/tokenized-text/macmorpho-v1-test-mm-revisto-tokenized.txt > /dados/gpaulino/run-tagger/tagged/pt-mm-revisto-NaiveBayes.tagged> was submitted from host <masternode> by user <gpaulino> in cluster <brl>.
Job was executed on host(s) <idpx003>, in queue <normal>, as user <gpaulino> in cluster <brl>.
</home/gpaulino> was used as the home directory.
</dados/gpaulino/run-tagger> was used as the working directory.
Started at Results reported on 
Your job looked like:

------------------------------------------------------------
# LSBATCH: User input
/dados/gpaulino/apache-opennlp-1.8.3/bin/opennlp POSTagger /dados/gpaulino/models/pt-mm-revisto-NaiveBayes < /dados/gpaulino/run-tagger/tokenized-text/macmorpho-v1-test-mm-revisto-tokenized.txt > /dados/gpaulino/run-tagger/tagged/pt-mm-revisto-NaiveBayes.tagged
------------------------------------------------------------

Successfully completed.

Resource usage summary:

    CPU time :                                   30.30 sec.
    Max Memory :                                 2726 MB
    Average Memory :                             1559.75 MB
    Total Requested Memory :                     -
    Delta Memory :                               -
    Max Swap :                                   -
    Max Processes :                              4
    Max Threads :                                55
    Run time :                                   25 sec.
    Turnaround time :                            32 sec.

The output (if any) follows:



PS:

Read file <1403069.err> for stderr output of this job.

