Sender: LSF System <lsfadmin@nx360003>
Subject: Job 1403075: </dados/gpaulino/apache-opennlp-1.8.3/bin/opennlp POSTagger /dados/gpaulino/models/pt-remove-pcp-Perceptron < /dados/gpaulino/run-tagger/tokenized-text/macmorpho-v1-test-remove-pcp-tokenized.txt > /dados/gpaulino/run-tagger/tagged/pt-remove-pcp-Perceptron.tagged> in cluster <brl> Done

Job </dados/gpaulino/apache-opennlp-1.8.3/bin/opennlp POSTagger /dados/gpaulino/models/pt-remove-pcp-Perceptron < /dados/gpaulino/run-tagger/tokenized-text/macmorpho-v1-test-remove-pcp-tokenized.txt > /dados/gpaulino/run-tagger/tagged/pt-remove-pcp-Perceptron.tagged> was submitted from host <masternode> by user <gpaulino> in cluster <brl>.
Job was executed on host(s) <nx360003>, in queue <normal>, as user <gpaulino> in cluster <brl>.
</home/gpaulino> was used as the home directory.
</dados/gpaulino/run-tagger> was used as the working directory.
Started at Results reported on 
Your job looked like:

------------------------------------------------------------
# LSBATCH: User input
/dados/gpaulino/apache-opennlp-1.8.3/bin/opennlp POSTagger /dados/gpaulino/models/pt-remove-pcp-Perceptron < /dados/gpaulino/run-tagger/tokenized-text/macmorpho-v1-test-remove-pcp-tokenized.txt > /dados/gpaulino/run-tagger/tagged/pt-remove-pcp-Perceptron.tagged
------------------------------------------------------------

Successfully completed.

Resource usage summary:

    CPU time :                                   8.20 sec.
    Max Memory :                                 1054 MB
    Average Memory :                             66.00 MB
    Total Requested Memory :                     -
    Delta Memory :                               -
    Max Swap :                                   -
    Max Processes :                              4
    Max Threads :                                55
    Run time :                                   5 sec.
    Turnaround time :                            422 sec.

The output (if any) follows:



PS:

Read file <1403075.err> for stderr output of this job.

