Sender: LSF System <lsfadmin@idpx003>
Subject: Job 1403070: </dados/gpaulino/apache-opennlp-1.8.3/bin/opennlp POSTagger /dados/gpaulino/models/pt-remove-pcp-NaiveBayes < /dados/gpaulino/run-tagger/tokenized-text/macmorpho-v1-test-remove-pcp-tokenized.txt > /dados/gpaulino/run-tagger/tagged/pt-remove-pcp-NaiveBayes.tagged> in cluster <brl> Done

Job </dados/gpaulino/apache-opennlp-1.8.3/bin/opennlp POSTagger /dados/gpaulino/models/pt-remove-pcp-NaiveBayes < /dados/gpaulino/run-tagger/tokenized-text/macmorpho-v1-test-remove-pcp-tokenized.txt > /dados/gpaulino/run-tagger/tagged/pt-remove-pcp-NaiveBayes.tagged> was submitted from host <masternode> by user <gpaulino> in cluster <brl>.
Job was executed on host(s) <idpx003>, in queue <normal>, as user <gpaulino> in cluster <brl>.
</home/gpaulino> was used as the home directory.
</dados/gpaulino/run-tagger> was used as the working directory.
Started at Results reported on 
Your job looked like:

------------------------------------------------------------
# LSBATCH: User input
/dados/gpaulino/apache-opennlp-1.8.3/bin/opennlp POSTagger /dados/gpaulino/models/pt-remove-pcp-NaiveBayes < /dados/gpaulino/run-tagger/tokenized-text/macmorpho-v1-test-remove-pcp-tokenized.txt > /dados/gpaulino/run-tagger/tagged/pt-remove-pcp-NaiveBayes.tagged
------------------------------------------------------------

Successfully completed.

Resource usage summary:

    CPU time :                                   17.86 sec.
    Max Memory :                                 1161 MB
    Average Memory :                             600.50 MB
    Total Requested Memory :                     -
    Delta Memory :                               -
    Max Swap :                                   -
    Max Processes :                              4
    Max Threads :                                55
    Run time :                                   14 sec.
    Turnaround time :                            20 sec.

The output (if any) follows:



PS:

Read file <1403070.err> for stderr output of this job.

