Sender: LSF System <lsfadmin@nx360003>
Subject: Job 1403074: </dados/gpaulino/apache-opennlp-1.8.3/bin/opennlp POSTagger /dados/gpaulino/models/pt-mm-revisto-Perceptron < /dados/gpaulino/run-tagger/tokenized-text/macmorpho-v1-test-mm-revisto-tokenized.txt > /dados/gpaulino/run-tagger/tagged/pt-mm-revisto-Perceptron.tagged> in cluster <brl> Done

Job </dados/gpaulino/apache-opennlp-1.8.3/bin/opennlp POSTagger /dados/gpaulino/models/pt-mm-revisto-Perceptron < /dados/gpaulino/run-tagger/tokenized-text/macmorpho-v1-test-mm-revisto-tokenized.txt > /dados/gpaulino/run-tagger/tagged/pt-mm-revisto-Perceptron.tagged> was submitted from host <masternode> by user <gpaulino> in cluster <brl>.
Job was executed on host(s) <nx360003>, in queue <normal>, as user <gpaulino> in cluster <brl>.
</home/gpaulino> was used as the home directory.
</dados/gpaulino/run-tagger> was used as the working directory.
Started at Results reported on 
Your job looked like:

------------------------------------------------------------
# LSBATCH: User input
/dados/gpaulino/apache-opennlp-1.8.3/bin/opennlp POSTagger /dados/gpaulino/models/pt-mm-revisto-Perceptron < /dados/gpaulino/run-tagger/tokenized-text/macmorpho-v1-test-mm-revisto-tokenized.txt > /dados/gpaulino/run-tagger/tagged/pt-mm-revisto-Perceptron.tagged
------------------------------------------------------------

Successfully completed.

Resource usage summary:

    CPU time :                                   10.40 sec.
    Max Memory :                                 631 MB
    Average Memory :                             74.00 MB
    Total Requested Memory :                     -
    Delta Memory :                               -
    Max Swap :                                   -
    Max Processes :                              4
    Max Threads :                                55
    Run time :                                   6 sec.
    Turnaround time :                            423 sec.

The output (if any) follows:



PS:

Read file <1403074.err> for stderr output of this job.

